\BOOKMARK [0][-]{chapter.1}{\376\377\000T\000o\000d\000o\000\040\000L\000i\000s\000t}{}% 1
\BOOKMARK [0][-]{chapter.2}{\376\377\000M\000o\000d\000u\000l\000e\000\040\000I\000n\000d\000e\000x}{}% 2
\BOOKMARK [1][-]{section.2.1}{\376\377\000M\000o\000d\000u\000l\000e\000s}{chapter.2}% 3
\BOOKMARK [0][-]{chapter.3}{\376\377\000D\000a\000t\000a\000\040\000S\000t\000r\000u\000c\000t\000u\000r\000e\000\040\000I\000n\000d\000e\000x}{}% 4
\BOOKMARK [1][-]{section.3.1}{\376\377\000D\000a\000t\000a\000\040\000S\000t\000r\000u\000c\000t\000u\000r\000e\000s}{chapter.3}% 5
\BOOKMARK [0][-]{chapter.4}{\376\377\000F\000i\000l\000e\000\040\000I\000n\000d\000e\000x}{}% 6
\BOOKMARK [1][-]{section.4.1}{\376\377\000F\000i\000l\000e\000\040\000L\000i\000s\000t}{chapter.4}% 7
\BOOKMARK [0][-]{chapter.5}{\376\377\000M\000o\000d\000u\000l\000e\000\040\000D\000o\000c\000u\000m\000e\000n\000t\000a\000t\000i\000o\000n}{}% 8
\BOOKMARK [1][-]{section.5.1}{\376\377\000c\000o\000n\000f\000i\000g\000\040\000L\000i\000b\000r\000a\000r\000y}{chapter.5}% 9
\BOOKMARK [2][-]{subsection.5.1.1}{\376\377\000D\000e\000t\000a\000i\000l\000e\000d\000\040\000D\000e\000s\000c\000r\000i\000p\000t\000i\000o\000n}{section.5.1}% 10
\BOOKMARK [2][-]{subsection.5.1.2}{\376\377\000M\000a\000c\000r\000o\000\040\000D\000e\000f\000i\000n\000i\000t\000i\000o\000n\000\040\000D\000o\000c\000u\000m\000e\000n\000t\000a\000t\000i\000o\000n}{section.5.1}% 11
\BOOKMARK [3][-]{subsubsection.5.1.2.1}{\376\377\000c\000h\000e\000c\000k\000\137\000p\000i\000n}{subsection.5.1.2}% 12
\BOOKMARK [3][-]{subsubsection.5.1.2.2}{\376\377\000C\000H\000E\000C\000K\000P\000I\000N}{subsection.5.1.2}% 13
\BOOKMARK [3][-]{subsubsection.5.1.2.3}{\376\377\000c\000l\000r\000\137\000b\000i\000t}{subsection.5.1.2}% 14
\BOOKMARK [3][-]{subsubsection.5.1.2.4}{\376\377\000c\000l\000r\000\137\000p\000o\000r\000t}{subsection.5.1.2}% 15
\BOOKMARK [3][-]{subsubsection.5.1.2.5}{\376\377\000D\000D\000E\000C\000A\000Y}{subsection.5.1.2}% 16
\BOOKMARK [3][-]{subsubsection.5.1.2.6}{\376\377\000D\000D\000I\000R\000\137\0004\0008\0005}{subsection.5.1.2}% 17
\BOOKMARK [3][-]{subsubsection.5.1.2.7}{\376\377\000D\000D\000I\000R\000E\000C\000T\000I\000O\000N}{subsection.5.1.2}% 18
\BOOKMARK [3][-]{subsubsection.5.1.2.8}{\376\377\000D\000E\000C\000A\000Y}{subsection.5.1.2}% 19
\BOOKMARK [3][-]{subsubsection.5.1.2.9}{\376\377\000D\000E\000N\000A\000B\000L\000E\000\137\000S\000T\000E\000P\000P\000E\000R}{subsection.5.1.2}% 20
\BOOKMARK [3][-]{subsubsection.5.1.2.10}{\376\377\000D\000F\000A\000U\000L\000T}{subsection.5.1.2}% 21
\BOOKMARK [3][-]{subsubsection.5.1.2.11}{\376\377\000D\000H\000O\000M\000E}{subsection.5.1.2}% 22
\BOOKMARK [3][-]{subsubsection.5.1.2.12}{\376\377\000D\000I\000R\000\137\0004\0008\0005}{subsection.5.1.2}% 23
\BOOKMARK [3][-]{subsubsection.5.1.2.13}{\376\377\000D\000I\000R\000E\000C\000T\000I\000O\000N}{subsection.5.1.2}% 24
\BOOKMARK [3][-]{subsubsection.5.1.2.14}{\376\377\000D\000M\000I\000S\000O}{subsection.5.1.2}% 25
\BOOKMARK [3][-]{subsubsection.5.1.2.15}{\376\377\000D\000M\000O\000D\000E\0000}{subsection.5.1.2}% 26
\BOOKMARK [3][-]{subsubsection.5.1.2.16}{\376\377\000D\000M\000O\000D\000E\0001}{subsection.5.1.2}% 27
\BOOKMARK [3][-]{subsubsection.5.1.2.17}{\376\377\000D\000M\000O\000D\000E\0002}{subsection.5.1.2}% 28
\BOOKMARK [3][-]{subsubsection.5.1.2.18}{\376\377\000D\000M\000O\000S\000I}{subsection.5.1.2}% 29
\BOOKMARK [3][-]{subsubsection.5.1.2.19}{\376\377\000D\000R\000X\000D}{subsection.5.1.2}% 30
\BOOKMARK [3][-]{subsubsection.5.1.2.20}{\376\377\000D\000S\000C\000L}{subsection.5.1.2}% 31
\BOOKMARK [3][-]{subsubsection.5.1.2.21}{\376\377\000D\000S\000T\000E\000P}{subsection.5.1.2}% 32
\BOOKMARK [3][-]{subsubsection.5.1.2.22}{\376\377\000D\000T\000X\000D}{subsection.5.1.2}% 33
\BOOKMARK [3][-]{subsubsection.5.1.2.23}{\376\377\000E\000N\000A\000B\000L\000E\000\137\000S\000T\000E\000P\000P\000E\000R}{subsection.5.1.2}% 34
\BOOKMARK [3][-]{subsubsection.5.1.2.24}{\376\377\000f\000a\000l\000s\000e}{subsection.5.1.2}% 35
\BOOKMARK [3][-]{subsubsection.5.1.2.25}{\376\377\000F\000A\000U\000L\000T}{subsection.5.1.2}% 36
\BOOKMARK [3][-]{subsubsection.5.1.2.26}{\376\377\000H\000O\000M\000E}{subsection.5.1.2}% 37
\BOOKMARK [3][-]{subsubsection.5.1.2.27}{\376\377\000I\000D\000E\000C\000A\000Y}{subsection.5.1.2}% 38
\BOOKMARK [3][-]{subsubsection.5.1.2.28}{\376\377\000I\000D\000I\000R\000\137\0004\0008\0005}{subsection.5.1.2}% 39
\BOOKMARK [3][-]{subsubsection.5.1.2.29}{\376\377\000I\000D\000I\000R\000E\000C\000T\000I\000O\000N}{subsection.5.1.2}% 40
\BOOKMARK [3][-]{subsubsection.5.1.2.30}{\376\377\000I\000E\000N\000A\000B\000L\000E\000\137\000S\000T\000E\000P\000P\000E\000R}{subsection.5.1.2}% 41
\BOOKMARK [3][-]{subsubsection.5.1.2.31}{\376\377\000I\000F\000A\000U\000L\000T}{subsection.5.1.2}% 42
\BOOKMARK [3][-]{subsubsection.5.1.2.32}{\376\377\000I\000H\000O\000M\000E}{subsection.5.1.2}% 43
\BOOKMARK [3][-]{subsubsection.5.1.2.33}{\376\377\000I\000M\000I\000S\000O}{subsection.5.1.2}% 44
\BOOKMARK [3][-]{subsubsection.5.1.2.34}{\376\377\000I\000M\000O\000D\000E\0000}{subsection.5.1.2}% 45
\BOOKMARK [3][-]{subsubsection.5.1.2.35}{\376\377\000I\000M\000O\000D\000E\0001}{subsection.5.1.2}% 46
\BOOKMARK [3][-]{subsubsection.5.1.2.36}{\376\377\000I\000M\000O\000D\000E\0002}{subsection.5.1.2}% 47
\BOOKMARK [3][-]{subsubsection.5.1.2.37}{\376\377\000I\000M\000O\000S\000I}{subsection.5.1.2}% 48
\BOOKMARK [3][-]{subsubsection.5.1.2.38}{\376\377\000I\000R\000X\000D}{subsection.5.1.2}% 49
\BOOKMARK [3][-]{subsubsection.5.1.2.39}{\376\377\000I\000S\000C\000L}{subsection.5.1.2}% 50
\BOOKMARK [3][-]{subsubsection.5.1.2.40}{\376\377\000I\000S\000T\000E\000P}{subsection.5.1.2}% 51
\BOOKMARK [3][-]{subsubsection.5.1.2.41}{\376\377\000I\000T\000X\000D}{subsection.5.1.2}% 52
\BOOKMARK [3][-]{subsubsection.5.1.2.42}{\376\377\000M\000I\000S\000O}{subsection.5.1.2}% 53
\BOOKMARK [3][-]{subsubsection.5.1.2.43}{\376\377\000M\000O\000D\000E\0000}{subsection.5.1.2}% 54
\BOOKMARK [3][-]{subsubsection.5.1.2.44}{\376\377\000M\000O\000D\000E\0001}{subsection.5.1.2}% 55
\BOOKMARK [3][-]{subsubsection.5.1.2.45}{\376\377\000M\000O\000D\000E\0002}{subsection.5.1.2}% 56
\BOOKMARK [3][-]{subsubsection.5.1.2.46}{\376\377\000M\000O\000S\000I}{subsection.5.1.2}% 57
\BOOKMARK [3][-]{subsubsection.5.1.2.47}{\376\377\000P\000D\000E\000C\000A\000Y}{subsection.5.1.2}% 58
\BOOKMARK [3][-]{subsubsection.5.1.2.48}{\376\377\000P\000D\000I\000R\000\137\0004\0008\0005}{subsection.5.1.2}% 59
\BOOKMARK [3][-]{subsubsection.5.1.2.49}{\376\377\000P\000D\000I\000R\000E\000C\000T\000I\000O\000N}{subsection.5.1.2}% 60
\BOOKMARK [3][-]{subsubsection.5.1.2.50}{\376\377\000P\000E\000N\000A\000B\000L\000E\000\137\000S\000T\000E\000P\000P\000E\000R}{subsection.5.1.2}% 61
\BOOKMARK [3][-]{subsubsection.5.1.2.51}{\376\377\000P\000F\000A\000U\000L\000T}{subsection.5.1.2}% 62
\BOOKMARK [3][-]{subsubsection.5.1.2.52}{\376\377\000P\000H\000O\000M\000E}{subsection.5.1.2}% 63
\BOOKMARK [3][-]{subsubsection.5.1.2.53}{\376\377\000P\000M\000I\000S\000O}{subsection.5.1.2}% 64
\BOOKMARK [3][-]{subsubsection.5.1.2.54}{\376\377\000P\000M\000O\000D\000E\0000}{subsection.5.1.2}% 65
\BOOKMARK [3][-]{subsubsection.5.1.2.55}{\376\377\000P\000M\000O\000D\000E\0001}{subsection.5.1.2}% 66
\BOOKMARK [3][-]{subsubsection.5.1.2.56}{\376\377\000P\000M\000O\000D\000E\0002}{subsection.5.1.2}% 67
\BOOKMARK [3][-]{subsubsection.5.1.2.57}{\376\377\000P\000M\000O\000S\000I}{subsection.5.1.2}% 68
\BOOKMARK [3][-]{subsubsection.5.1.2.58}{\376\377\000P\000R\000X\000D}{subsection.5.1.2}% 69
\BOOKMARK [3][-]{subsubsection.5.1.2.59}{\376\377\000P\000S\000C\000L}{subsection.5.1.2}% 70
\BOOKMARK [3][-]{subsubsection.5.1.2.60}{\376\377\000P\000S\000T\000E\000P}{subsection.5.1.2}% 71
\BOOKMARK [3][-]{subsubsection.5.1.2.61}{\376\377\000P\000T\000X\000D}{subsection.5.1.2}% 72
\BOOKMARK [3][-]{subsubsection.5.1.2.62}{\376\377\000R\000X\000D}{subsection.5.1.2}% 73
\BOOKMARK [3][-]{subsubsection.5.1.2.63}{\376\377\000S\000C\000L}{subsection.5.1.2}% 74
\BOOKMARK [3][-]{subsubsection.5.1.2.64}{\376\377\000s\000e\000t\000\137\000a\000s\000\137\000i\000n\000p\000u\000t}{subsection.5.1.2}% 75
\BOOKMARK [3][-]{subsubsection.5.1.2.65}{\376\377\000s\000e\000t\000\137\000a\000s\000\137\000o\000u\000t\000p\000u\000t}{subsection.5.1.2}% 76
\BOOKMARK [3][-]{subsubsection.5.1.2.66}{\376\377\000s\000e\000t\000\137\000b\000i\000t}{subsection.5.1.2}% 77
\BOOKMARK [3][-]{subsubsection.5.1.2.67}{\376\377\000s\000e\000t\000\137\000p\000o\000r\000t}{subsection.5.1.2}% 78
\BOOKMARK [3][-]{subsubsection.5.1.2.68}{\376\377\000S\000T\000E\000P}{subsection.5.1.2}% 79
\BOOKMARK [3][-]{subsubsection.5.1.2.69}{\376\377\000t\000r\000u\000e}{subsection.5.1.2}% 80
\BOOKMARK [3][-]{subsubsection.5.1.2.70}{\376\377\000T\000X\000D}{subsection.5.1.2}% 81
\BOOKMARK [1][-]{section.5.2}{\376\377\000D\000R\000V\0008\0008\0002\0005\000\040\000L\000i\000b\000r\000a\000r\000y}{chapter.5}% 82
\BOOKMARK [2][-]{subsection.5.2.1}{\376\377\000D\000e\000t\000a\000i\000l\000e\000d\000\040\000D\000e\000s\000c\000r\000i\000p\000t\000i\000o\000n}{section.5.2}% 83
\BOOKMARK [2][-]{subsection.5.2.2}{\376\377\000E\000n\000u\000m\000e\000r\000a\000t\000i\000o\000n\000\040\000T\000y\000p\000e\000\040\000D\000o\000c\000u\000m\000e\000n\000t\000a\000t\000i\000o\000n}{section.5.2}% 84
\BOOKMARK [3][-]{subsubsection.5.2.2.1}{\376\377\000d\000e\000c\000a\000y\000\137\000t\000y\000p\000e}{subsection.5.2.2}% 85
\BOOKMARK [3][-]{subsubsection.5.2.2.2}{\376\377\000m\000o\000d\000e\000\137\000t\000y\000p\000e}{subsection.5.2.2}% 86
\BOOKMARK [3][-]{subsubsection.5.2.2.3}{\376\377\000s\000t\000e\000p\000\137\000t\000y\000p\000e}{subsection.5.2.2}% 87
\BOOKMARK [2][-]{subsection.5.2.3}{\376\377\000F\000u\000n\000c\000t\000i\000o\000n\000\040\000D\000o\000c\000u\000m\000e\000n\000t\000a\000t\000i\000o\000n}{section.5.2}% 88
\BOOKMARK [3][-]{subsubsection.5.2.3.1}{\376\377\000C\000a\000l\000W\000o\000r\000k\000P\000a\000r\000a\000m}{subsection.5.2.3}% 89
\BOOKMARK [3][-]{subsubsection.5.2.3.2}{\376\377\000C\000o\000u\000n\000t\000\137\000S\000t\000e\000p}{subsection.5.2.3}% 90
\BOOKMARK [3][-]{subsubsection.5.2.3.3}{\376\377\000D\000e\000c\000a\000y}{subsection.5.2.3}% 91
\BOOKMARK [3][-]{subsubsection.5.2.3.4}{\376\377\000D\000i\000s\000a\000b\000l\000e\000d\000\137\000S\000t\000e\000p\000p\000e\000r}{subsection.5.2.3}% 92
\BOOKMARK [3][-]{subsubsection.5.2.3.5}{\376\377\000E\000n\000a\000b\000l\000e\000\137\000S\000t\000e\000p\000p\000e\000r}{subsection.5.2.3}% 93
\BOOKMARK [3][-]{subsubsection.5.2.3.6}{\376\377\000G\000e\000t\000\137\000D\000e\000c\000a\000y}{subsection.5.2.3}% 94
\BOOKMARK [3][-]{subsubsection.5.2.3.7}{\376\377\000G\000e\000t\000\137\000M\000o\000d\000e}{subsection.5.2.3}% 95
\BOOKMARK [3][-]{subsubsection.5.2.3.8}{\376\377\000G\000e\000t\000\137\000S\000t\000a\000r\000t}{subsection.5.2.3}% 96
\BOOKMARK [3][-]{subsubsection.5.2.3.9}{\376\377\000G\000e\000t\000\137\000S\000t\000e\000p\000s\000\137\000r\000e\000v\000o\000l}{subsection.5.2.3}% 97
\BOOKMARK [3][-]{subsubsection.5.2.3.10}{\376\377\000G\000e\000t\000A\000c\000c\000e\000l\000e\000r\000a\000t\000i\000o\000n}{subsection.5.2.3}% 98
\BOOKMARK [3][-]{subsubsection.5.2.3.11}{\376\377\000G\000e\000t\000C\000u\000r\000r\000e\000n\000t\000S\000p\000e\000e\000d}{subsection.5.2.3}% 99
\BOOKMARK [3][-]{subsubsection.5.2.3.12}{\376\377\000G\000e\000t\000M\000a\000x\000S\000p\000e\000e\000d}{subsection.5.2.3}% 100
\BOOKMARK [3][-]{subsubsection.5.2.3.13}{\376\377\000G\000e\000t\000M\000i\000n\000S\000p\000e\000e\000d}{subsection.5.2.3}% 101
\BOOKMARK [3][-]{subsubsection.5.2.3.14}{\376\377\000G\000e\000t\000R\000e\000a\000l\000A\000c\000c}{subsection.5.2.3}% 102
\BOOKMARK [3][-]{subsubsection.5.2.3.15}{\376\377\000G\000e\000t\000R\000e\000a\000l\000M\000a\000x\000S\000p\000e\000e\000d}{subsection.5.2.3}% 103
\BOOKMARK [3][-]{subsubsection.5.2.3.16}{\376\377\000G\000e\000t\000R\000e\000a\000l\000M\000i\000n\000S\000p\000e\000e\000d}{subsection.5.2.3}% 104
\BOOKMARK [3][-]{subsubsection.5.2.3.17}{\376\377\000H\000e\000l\000p\000e\000r\000R\000t\000o\000T}{subsection.5.2.3}% 105
\BOOKMARK [3][-]{subsubsection.5.2.3.18}{\376\377\000H\000e\000l\000p\000e\000r\000T\000t\000o\000R}{subsection.5.2.3}% 106
\BOOKMARK [3][-]{subsubsection.5.2.3.19}{\376\377\000H\000o\000m\000e}{subsection.5.2.3}% 107
\BOOKMARK [3][-]{subsubsection.5.2.3.20}{\376\377\000I\000n\000i\000t\000S\000t\000e\000p\000p\000e\000r}{subsection.5.2.3}% 108
\BOOKMARK [3][-]{subsubsection.5.2.3.21}{\376\377\000M\000o\000d\000e}{subsection.5.2.3}% 109
\BOOKMARK [3][-]{subsubsection.5.2.3.22}{\376\377\000R\000e\000a\000l\000T\000o\000T\000i\000m\000e}{subsection.5.2.3}% 110
\BOOKMARK [3][-]{subsubsection.5.2.3.23}{\376\377\000S\000e\000t\000\137\000S\000t\000e\000p\000s\000\137\000r\000e\000v\000o\000l}{subsection.5.2.3}% 111
\BOOKMARK [3][-]{subsubsection.5.2.3.24}{\376\377\000S\000e\000t\000A\000c\000c\000e\000l\000e\000r\000a\000t\000i\000o\000n}{subsection.5.2.3}% 112
\BOOKMARK [3][-]{subsubsection.5.2.3.25}{\376\377\000S\000e\000t\000C\000u\000r\000r\000e\000n\000t\000S\000p\000e\000e\000d}{subsection.5.2.3}% 113
\BOOKMARK [3][-]{subsubsection.5.2.3.26}{\376\377\000S\000e\000t\000M\000a\000x\000S\000p\000e\000e\000d}{subsection.5.2.3}% 114
\BOOKMARK [3][-]{subsubsection.5.2.3.27}{\376\377\000S\000e\000t\000M\000i\000n\000S\000p\000e\000e\000d}{subsection.5.2.3}% 115
\BOOKMARK [3][-]{subsubsection.5.2.3.28}{\376\377\000S\000e\000t\000R\000e\000a\000l\000A\000c\000c}{subsection.5.2.3}% 116
\BOOKMARK [3][-]{subsubsection.5.2.3.29}{\376\377\000S\000e\000t\000R\000e\000a\000l\000M\000a\000x\000S\000p\000e\000e\000d}{subsection.5.2.3}% 117
\BOOKMARK [3][-]{subsubsection.5.2.3.30}{\376\377\000S\000e\000t\000R\000e\000a\000l\000M\000i\000n\000S\000p\000e\000e\000d}{subsection.5.2.3}% 118
\BOOKMARK [3][-]{subsubsection.5.2.3.31}{\376\377\000S\000t\000e\000p}{subsection.5.2.3}% 119
\BOOKMARK [3][-]{subsubsection.5.2.3.32}{\376\377\000S\000t\000o\000p\000\137\000M\000o\000t\000i\000o\000n\000\137\000f\000a\000s\000t}{subsection.5.2.3}% 120
\BOOKMARK [3][-]{subsubsection.5.2.3.33}{\376\377\000S\000t\000o\000p\000\137\000M\000o\000t\000i\000o\000n\000\137\000n\000o\000r\000m\000a\000l}{subsection.5.2.3}% 121
\BOOKMARK [3][-]{subsubsection.5.2.3.34}{\376\377\000s\000t\000o\000r\000e}{subsection.5.2.3}% 122
\BOOKMARK [3][-]{subsubsection.5.2.3.35}{\376\377\000T\000i\000m\000e\000T\000o\000R\000e\000a\000l}{subsection.5.2.3}% 123
\BOOKMARK [3][-]{subsubsection.5.2.3.36}{\376\377\000W\000a\000y\000\137\000S\000p\000e\000e\000d}{subsection.5.2.3}% 124
\BOOKMARK [1][-]{section.5.3}{\376\377\000m\000a\000i\000n\000\040\000L\000i\000b\000r\000a\000r\000y}{chapter.5}% 125
\BOOKMARK [2][-]{subsection.5.3.1}{\376\377\000D\000e\000t\000a\000i\000l\000e\000d\000\040\000D\000e\000s\000c\000r\000i\000p\000t\000i\000o\000n}{section.5.3}% 126
\BOOKMARK [2][-]{subsection.5.3.2}{\376\377\000F\000u\000n\000c\000t\000i\000o\000n\000\040\000D\000o\000c\000u\000m\000e\000n\000t\000a\000t\000i\000o\000n}{section.5.3}% 127
\BOOKMARK [3][-]{subsubsection.5.3.2.1}{\376\377\000I\000n\000i\000t\000\137\000I\000n\000p\000u\000t\000\137\000O\000u\000t\000p\000u\000t}{subsection.5.3.2}% 128
\BOOKMARK [3][-]{subsubsection.5.3.2.2}{\376\377\000t\000e\000s\000t}{subsection.5.3.2}% 129
\BOOKMARK [1][-]{section.5.4}{\376\377\000m\000e\000s\000s\000a\000g\000e\000s\000\040\000L\000i\000b\000r\000a\000r\000y}{chapter.5}% 130
\BOOKMARK [2][-]{subsection.5.4.1}{\376\377\000D\000e\000t\000a\000i\000l\000e\000d\000\040\000D\000e\000s\000c\000r\000i\000p\000t\000i\000o\000n}{section.5.4}% 131
\BOOKMARK [2][-]{subsection.5.4.2}{\376\377\000F\000u\000n\000c\000t\000i\000o\000n\000\040\000D\000o\000c\000u\000m\000e\000n\000t\000a\000t\000i\000o\000n}{section.5.4}% 132
\BOOKMARK [3][-]{subsubsection.5.4.2.1}{\376\377\000A\000c\000c}{subsection.5.4.2}% 133
\BOOKMARK [3][-]{subsubsection.5.4.2.2}{\376\377\000A\000D\000e\000c}{subsection.5.4.2}% 134
\BOOKMARK [3][-]{subsubsection.5.4.2.3}{\376\377\000E\000r\000r\000o\000r\000m\000s\000s\000g}{subsection.5.4.2}% 135
\BOOKMARK [3][-]{subsubsection.5.4.2.4}{\376\377\000F\000D\000e\000c}{subsection.5.4.2}% 136
\BOOKMARK [3][-]{subsubsection.5.4.2.5}{\376\377\000F\000s\000t\000e\000p}{subsection.5.4.2}% 137
\BOOKMARK [3][-]{subsubsection.5.4.2.6}{\376\377\000H\000S\000t\000e\000p}{subsection.5.4.2}% 138
\BOOKMARK [3][-]{subsubsection.5.4.2.7}{\376\377\000M\0001\0006\000S\000t\000e\000p}{subsection.5.4.2}% 139
\BOOKMARK [3][-]{subsubsection.5.4.2.8}{\376\377\000M\0003\0002\000S\000t\000e\000p}{subsection.5.4.2}% 140
\BOOKMARK [3][-]{subsubsection.5.4.2.9}{\376\377\000M\0008\000S\000t\000e\000p}{subsection.5.4.2}% 141
\BOOKMARK [3][-]{subsubsection.5.4.2.10}{\376\377\000M\000a\000x\000s\000p\000e\000e\000d}{subsection.5.4.2}% 142
\BOOKMARK [3][-]{subsubsection.5.4.2.11}{\376\377\000M\000i\000n\000s\000p\000e\000e\000d}{subsection.5.4.2}% 143
\BOOKMARK [3][-]{subsubsection.5.4.2.12}{\376\377\000Q\000s\000t\000e\000p}{subsection.5.4.2}% 144
\BOOKMARK [3][-]{subsubsection.5.4.2.13}{\376\377\000R\000A\000c\000c}{subsection.5.4.2}% 145
\BOOKMARK [3][-]{subsubsection.5.4.2.14}{\376\377\000R\000M\000a\000x\000S\000p\000d}{subsection.5.4.2}% 146
\BOOKMARK [3][-]{subsubsection.5.4.2.15}{\376\377\000R\000M\000i\000n\000S\000p\000d}{subsection.5.4.2}% 147
\BOOKMARK [3][-]{subsubsection.5.4.2.16}{\376\377\000S\000D\000e\000c}{subsection.5.4.2}% 148
\BOOKMARK [3][-]{subsubsection.5.4.2.17}{\376\377\000S\000p\000t\000R\000e\000v\000o\000l}{subsection.5.4.2}% 149
\BOOKMARK [3][-]{subsubsection.5.4.2.18}{\376\377\000S\000t\000o\000p}{subsection.5.4.2}% 150
\BOOKMARK [1][-]{section.5.5}{\376\377\000U\000A\000R\000T\000\040\000L\000i\000b\000r\000a\000r\000y}{chapter.5}% 151
\BOOKMARK [2][-]{subsection.5.5.1}{\376\377\000D\000e\000t\000a\000i\000l\000e\000d\000\040\000D\000e\000s\000c\000r\000i\000p\000t\000i\000o\000n}{section.5.5}% 152
\BOOKMARK [2][-]{subsection.5.5.2}{\376\377\000M\000a\000c\000r\000o\000\040\000D\000e\000f\000i\000n\000i\000t\000i\000o\000n\000\040\000D\000o\000c\000u\000m\000e\000n\000t\000a\000t\000i\000o\000n}{section.5.5}% 153
\BOOKMARK [3][-]{subsubsection.5.5.2.1}{\376\377\000U\000S\000A\000R\000T\000\137\000B\000A\000U\000D\000\137\000S\000E\000L\000E\000C\000T}{subsection.5.5.2}% 154
\BOOKMARK [3][-]{subsubsection.5.5.2.2}{\376\377\000U\000S\000A\000R\000T\000\137\000B\000A\000U\000D\000\137\000S\000E\000L\000E\000C\000T\000\137\000D\000O\000U\000B\000L\000E\000\137\000S\000P\000E\000E\000D}{subsection.5.5.2}% 155
\BOOKMARK [3][-]{subsubsection.5.5.2.3}{\376\377\000V\000E\000O\000L}{subsection.5.5.2}% 156
\BOOKMARK [2][-]{subsection.5.5.3}{\376\377\000F\000u\000n\000c\000t\000i\000o\000n\000\040\000D\000o\000c\000u\000m\000e\000n\000t\000a\000t\000i\000o\000n}{section.5.5}% 157
\BOOKMARK [3][-]{subsubsection.5.5.3.1}{\376\377\000u\000s\000a\000r\000t\000\137\000g\000e\000t\000c\000h\000a\000r}{subsection.5.5.3}% 158
\BOOKMARK [3][-]{subsubsection.5.5.3.2}{\376\377\000u\000s\000a\000r\000t\000\137\000i\000n\000i\000t}{subsection.5.5.3}% 159
\BOOKMARK [3][-]{subsubsection.5.5.3.3}{\376\377\000u\000s\000a\000r\000t\000\137\000p\000u\000t\000c\000h\000a\000r}{subsection.5.5.3}% 160
\BOOKMARK [1][-]{section.5.6}{\376\377\000u\000t\000i\000l\000s\000\040\000L\000i\000b\000r\000a\000r\000y}{chapter.5}% 161
\BOOKMARK [2][-]{subsection.5.6.1}{\376\377\000D\000e\000t\000a\000i\000l\000e\000d\000\040\000D\000e\000s\000c\000r\000i\000p\000t\000i\000o\000n}{section.5.6}% 162
\BOOKMARK [2][-]{subsection.5.6.2}{\376\377\000F\000u\000n\000c\000t\000i\000o\000n\000\040\000D\000o\000c\000u\000m\000e\000n\000t\000a\000t\000i\000o\000n}{section.5.6}% 163
\BOOKMARK [3][-]{subsubsection.5.6.2.1}{\376\377\000C\000o\000n\000v\000e\000r\000t\000A\000S\000C\000I\000t\000o\000u\000i\000n\000t\0006\0004}{subsection.5.6.2}% 164
\BOOKMARK [3][-]{subsubsection.5.6.2.2}{\376\377\000i\000n\000t\000\137\000t\000o\000\137\000s\000t\000r\000i\000n\000g}{subsection.5.6.2}% 165
\BOOKMARK [3][-]{subsubsection.5.6.2.3}{\376\377\000p\000u\000t\000s\000t\000r\000i\000n\000g}{subsection.5.6.2}% 166
\BOOKMARK [3][-]{subsubsection.5.6.2.4}{\376\377\000p\000u\000t\000s\000t\000r\000i\000n\000g\000\137\000P}{subsection.5.6.2}% 167
\BOOKMARK [0][-]{chapter.6}{\376\377\000D\000a\000t\000a\000\040\000S\000t\000r\000u\000c\000t\000u\000r\000e\000\040\000D\000o\000c\000u\000m\000e\000n\000t\000a\000t\000i\000o\000n}{}% 168
\BOOKMARK [1][-]{section.6.1}{\376\377\000c\000m\000d\000\137\000s\000t\000r\000u\000c\000t\000\040\000S\000t\000r\000u\000c\000t\000\040\000R\000e\000f\000e\000r\000e\000n\000c\000e}{chapter.6}% 169
\BOOKMARK [2][-]{subsection.6.1.1}{\376\377\000D\000e\000t\000a\000i\000l\000e\000d\000\040\000D\000e\000s\000c\000r\000i\000p\000t\000i\000o\000n}{section.6.1}% 170
\BOOKMARK [2][-]{subsection.6.1.2}{\376\377\000F\000i\000e\000l\000d\000\040\000D\000o\000c\000u\000m\000e\000n\000t\000a\000t\000i\000o\000n}{section.6.1}% 171
\BOOKMARK [3][-]{subsubsection.6.1.2.1}{\376\377\000i\000d}{subsection.6.1.2}% 172
\BOOKMARK [3][-]{subsubsection.6.1.2.2}{\376\377\000n\000a\000m\000e}{subsection.6.1.2}% 173
\BOOKMARK [1][-]{section.6.2}{\376\377\000M\000o\000t\000i\000o\000n\000\040\000S\000t\000r\000u\000c\000t\000\040\000R\000e\000f\000e\000r\000e\000n\000c\000e}{chapter.6}% 174
\BOOKMARK [2][-]{subsection.6.2.1}{\376\377\000D\000e\000t\000a\000i\000l\000e\000d\000\040\000D\000e\000s\000c\000r\000i\000p\000t\000i\000o\000n}{section.6.2}% 175
\BOOKMARK [2][-]{subsection.6.2.2}{\376\377\000F\000i\000e\000l\000d\000\040\000D\000o\000c\000u\000m\000e\000n\000t\000a\000t\000i\000o\000n}{section.6.2}% 176
\BOOKMARK [3][-]{subsubsection.6.2.2.1}{\376\377\000C\000u\000r\000r\000e\000n\000t\000S\000p\000e\000e\000d}{subsection.6.2.2}% 177
\BOOKMARK [3][-]{subsubsection.6.2.2.2}{\376\377\000S\000t\000e\000p\000s\000A\000c\000c\000e\000l}{subsection.6.2.2}% 178
\BOOKMARK [3][-]{subsubsection.6.2.2.3}{\376\377\000S\000t\000e\000p\000s\000C\000o\000n\000s\000t\000S\000p\000e\000e\000d}{subsection.6.2.2}% 179
\BOOKMARK [3][-]{subsubsection.6.2.2.4}{\376\377\000S\000t\000e\000p\000s\000D\000e\000a\000c\000c\000e\000l}{subsection.6.2.2}% 180
\BOOKMARK [1][-]{section.6.3}{\376\377\000M\000o\000t\000o\000r\000\137\000P\000a\000r\000a\000m\000e\000t\000e\000r\000s\000\040\000S\000t\000r\000u\000c\000t\000\040\000R\000e\000f\000e\000r\000e\000n\000c\000e}{chapter.6}% 181
\BOOKMARK [2][-]{subsection.6.3.1}{\376\377\000D\000e\000t\000a\000i\000l\000e\000d\000\040\000D\000e\000s\000c\000r\000i\000p\000t\000i\000o\000n}{section.6.3}% 182
\BOOKMARK [2][-]{subsection.6.3.2}{\376\377\000F\000i\000e\000l\000d\000\040\000D\000o\000c\000u\000m\000e\000n\000t\000a\000t\000i\000o\000n}{section.6.3}% 183
\BOOKMARK [3][-]{subsubsection.6.3.2.1}{\376\377\000A\000c\000c\000e\000l\000e\000r\000a\000t\000i\000o\000n}{subsection.6.3.2}% 184
\BOOKMARK [3][-]{subsubsection.6.3.2.2}{\376\377\000M\000a\000x\000S\000p\000e\000e\000d}{subsection.6.3.2}% 185
\BOOKMARK [3][-]{subsubsection.6.3.2.3}{\376\377\000M\000i\000n\000S\000p\000e\000e\000d}{subsection.6.3.2}% 186
\BOOKMARK [1][-]{section.6.4}{\376\377\000r\000i\000n\000g\000\137\000b\000u\000f\000f\000e\000r\000\040\000S\000t\000r\000u\000c\000t\000\040\000R\000e\000f\000e\000r\000e\000n\000c\000e}{chapter.6}% 187
\BOOKMARK [2][-]{subsection.6.4.1}{\376\377\000D\000e\000t\000a\000i\000l\000e\000d\000\040\000D\000e\000s\000c\000r\000i\000p\000t\000i\000o\000n}{section.6.4}% 188
\BOOKMARK [2][-]{subsection.6.4.2}{\376\377\000F\000i\000e\000l\000d\000\040\000D\000o\000c\000u\000m\000e\000n\000t\000a\000t\000i\000o\000n}{section.6.4}% 189
\BOOKMARK [3][-]{subsubsection.6.4.2.1}{\376\377\000d\000a\000t\000a}{subsection.6.4.2}% 190
\BOOKMARK [3][-]{subsubsection.6.4.2.2}{\376\377\000f\000i\000l\000l\000c\000o\000u\000n\000t}{subsection.6.4.2}% 191
\BOOKMARK [3][-]{subsubsection.6.4.2.3}{\376\377\000h\000e\000a\000d}{subsection.6.4.2}% 192
\BOOKMARK [3][-]{subsubsection.6.4.2.4}{\376\377\000n\000l\000i\000n\000e\000s}{subsection.6.4.2}% 193
\BOOKMARK [3][-]{subsubsection.6.4.2.5}{\376\377\000s\000i\000z\000e}{subsection.6.4.2}% 194
\BOOKMARK [3][-]{subsubsection.6.4.2.6}{\376\377\000t\000a\000i\000l}{subsection.6.4.2}% 195
\BOOKMARK [0][-]{chapter.7}{\376\377\000F\000i\000l\000e\000\040\000D\000o\000c\000u\000m\000e\000n\000t\000a\000t\000i\000o\000n}{}% 196
\BOOKMARK [1][-]{section.7.1}{\376\377\000c\000o\000n\000f\000i\000g\000.\000h\000\040\000F\000i\000l\000e\000\040\000R\000e\000f\000e\000r\000e\000n\000c\000e}{chapter.7}% 197
\BOOKMARK [1][-]{section.7.2}{\376\377\000d\000r\000v\000\137\0008\0008\0002\0005\000.\000c\000\040\000F\000i\000l\000e\000\040\000R\000e\000f\000e\000r\000e\000n\000c\000e}{chapter.7}% 198
\BOOKMARK [2][-]{subsection.7.2.1}{\376\377\000M\000a\000c\000r\000o\000\040\000D\000e\000f\000i\000n\000i\000t\000i\000o\000n\000\040\000D\000o\000c\000u\000m\000e\000n\000t\000a\000t\000i\000o\000n}{section.7.2}% 199
\BOOKMARK [3][-]{subsubsection.7.2.1.1}{\376\377\000P\000E\000R\000T\000M\000R}{subsection.7.2.1}% 200
\BOOKMARK [3][-]{subsubsection.7.2.1.2}{\376\377\000T\000I\000M\000E\000R\000C\000O\000N\000S\000T}{subsection.7.2.1}% 201
\BOOKMARK [2][-]{subsection.7.2.2}{\376\377\000T\000y\000p\000e\000d\000e\000f\000\040\000D\000o\000c\000u\000m\000e\000n\000t\000a\000t\000i\000o\000n}{section.7.2}% 202
\BOOKMARK [3][-]{subsubsection.7.2.2.1}{\376\377\000M\000o\000t\000o\000r\000\137\000P\000a\000r\000a\000m\000e\000t\000e\000r\000s}{subsection.7.2.2}% 203
\BOOKMARK [2][-]{subsection.7.2.3}{\376\377\000F\000u\000n\000c\000t\000i\000o\000n\000\040\000D\000o\000c\000u\000m\000e\000n\000t\000a\000t\000i\000o\000n}{section.7.2}% 204
\BOOKMARK [3][-]{subsubsection.7.2.3.1}{\376\377\000I\000S\000R}{subsection.7.2.3}% 205
\BOOKMARK [2][-]{subsection.7.2.4}{\376\377\000V\000a\000r\000i\000a\000b\000l\000e\000\040\000D\000o\000c\000u\000m\000e\000n\000t\000a\000t\000i\000o\000n}{section.7.2}% 206
\BOOKMARK [3][-]{subsubsection.7.2.4.1}{\376\377\000C\000o\000n\000s\000t\000S\000p\000d}{subsection.7.2.4}% 207
\BOOKMARK [3][-]{subsubsection.7.2.4.2}{\376\377\000C\000u\000r\000r\000e\000n\000t\000D\000e\000c\000a\000y}{subsection.7.2.4}% 208
\BOOKMARK [3][-]{subsubsection.7.2.4.3}{\376\377\000C\000u\000r\000r\000e\000n\000t\000M\000o\000d\000e}{subsection.7.2.4}% 209
\BOOKMARK [3][-]{subsubsection.7.2.4.4}{\376\377\000M\000o\000d\000e\000S\000t\000a\000r\000t}{subsection.7.2.4}% 210
\BOOKMARK [3][-]{subsubsection.7.2.4.5}{\376\377\000M\000o\000t\000i\000o\000n}{subsection.7.2.4}% 211
\BOOKMARK [3][-]{subsubsection.7.2.4.6}{\376\377\000R\000e\000a\000l\000S\000p\000e\000e\000d}{subsection.7.2.4}% 212
\BOOKMARK [3][-]{subsubsection.7.2.4.7}{\376\377\000S\000t\000e\000p\000D\000i\000r}{subsection.7.2.4}% 213
\BOOKMARK [3][-]{subsubsection.7.2.4.8}{\376\377\000S\000t\000e\000p\000s\000P\000e\000r\000R\000e\000v}{subsection.7.2.4}% 214
\BOOKMARK [3][-]{subsubsection.7.2.4.9}{\376\377\000T\000i\000m\000e\000P\000a\000r\000a\000m}{subsection.7.2.4}% 215
\BOOKMARK [3][-]{subsubsection.7.2.4.10}{\376\377\000W\000o\000r\000k\000i\000n\000g\000P\000a\000r\000a\000m}{subsection.7.2.4}% 216
\BOOKMARK [1][-]{section.7.3}{\376\377\000d\000r\000v\000\137\0008\0008\0002\0005\000.\000h\000\040\000F\000i\000l\000e\000\040\000R\000e\000f\000e\000r\000e\000n\000c\000e}{chapter.7}% 217
\BOOKMARK [1][-]{section.7.4}{\376\377\000i\000n\000t\000e\000r\000p\000r\000e\000t\000e\000r\000.\000c\000\040\000F\000i\000l\000e\000\040\000R\000e\000f\000e\000r\000e\000n\000c\000e}{chapter.7}% 218
\BOOKMARK [2][-]{subsection.7.4.1}{\376\377\000F\000u\000n\000c\000t\000i\000o\000n\000\040\000D\000o\000c\000u\000m\000e\000n\000t\000a\000t\000i\000o\000n}{section.7.4}% 219
\BOOKMARK [3][-]{subsubsection.7.4.1.1}{\376\377\000g\000e\000t\000\137\000c\000m\000d\000\137\000i\000d}{subsection.7.4.1}% 220
\BOOKMARK [3][-]{subsubsection.7.4.1.2}{\376\377\000g\000e\000t\000\137\000c\000m\000d\000\137\000n\000a\000m\000e}{subsection.7.4.1}% 221
\BOOKMARK [2][-]{subsection.7.4.2}{\376\377\000V\000a\000r\000i\000a\000b\000l\000e\000\040\000D\000o\000c\000u\000m\000e\000n\000t\000a\000t\000i\000o\000n}{section.7.4}% 222
\BOOKMARK [3][-]{subsubsection.7.4.2.1}{\376\377\000c\000m\000d\000\137\000t\000b\000l}{subsection.7.4.2}% 223
\BOOKMARK [1][-]{section.7.5}{\376\377\000i\000n\000t\000e\000r\000p\000r\000e\000t\000e\000r\000.\000h\000\040\000F\000i\000l\000e\000\040\000R\000e\000f\000e\000r\000e\000n\000c\000e}{chapter.7}% 224
\BOOKMARK [2][-]{subsection.7.5.1}{\376\377\000E\000n\000u\000m\000e\000r\000a\000t\000i\000o\000n\000\040\000T\000y\000p\000e\000\040\000D\000o\000c\000u\000m\000e\000n\000t\000a\000t\000i\000o\000n}{section.7.5}% 225
\BOOKMARK [3][-]{subsubsection.7.5.1.1}{\376\377\000a\000n\000o\000n\000y\000m\000o\000u\000s\000\040\000e\000n\000u\000m}{subsection.7.5.1}% 226
\BOOKMARK [2][-]{subsection.7.5.2}{\376\377\000F\000u\000n\000c\000t\000i\000o\000n\000\040\000D\000o\000c\000u\000m\000e\000n\000t\000a\000t\000i\000o\000n}{section.7.5}% 227
\BOOKMARK [3][-]{subsubsection.7.5.2.1}{\376\377\000g\000e\000t\000\137\000c\000m\000d\000\137\000i\000d}{subsection.7.5.2}% 228
\BOOKMARK [3][-]{subsubsection.7.5.2.2}{\376\377\000g\000e\000t\000\137\000c\000m\000d\000\137\000n\000a\000m\000e}{subsection.7.5.2}% 229
\BOOKMARK [1][-]{section.7.6}{\376\377\000m\000a\000i\000n\000.\000c\000\040\000F\000i\000l\000e\000\040\000R\000e\000f\000e\000r\000e\000n\000c\000e}{chapter.7}% 230
\BOOKMARK [2][-]{subsection.7.6.1}{\376\377\000M\000a\000c\000r\000o\000\040\000D\000e\000f\000i\000n\000i\000t\000i\000o\000n\000\040\000D\000o\000c\000u\000m\000e\000n\000t\000a\000t\000i\000o\000n}{section.7.6}% 231
\BOOKMARK [3][-]{subsubsection.7.6.1.1}{\376\377\000F\000\137\000C\000P\000U}{subsection.7.6.1}% 232
\BOOKMARK [3][-]{subsubsection.7.6.1.2}{\376\377\000U\000S\000A\000R\000T\000\137\000B\000A\000U\000D\000\137\000R\000A\000T\000E}{subsection.7.6.1}% 233
\BOOKMARK [2][-]{subsection.7.6.2}{\376\377\000F\000u\000n\000c\000t\000i\000o\000n\000\040\000D\000o\000c\000u\000m\000e\000n\000t\000a\000t\000i\000o\000n}{section.7.6}% 234
\BOOKMARK [3][-]{subsubsection.7.6.2.1}{\376\377\000m\000a\000i\000n}{subsection.7.6.2}% 235
\BOOKMARK [2][-]{subsection.7.6.3}{\376\377\000V\000a\000r\000i\000a\000b\000l\000e\000\040\000D\000o\000c\000u\000m\000e\000n\000t\000a\000t\000i\000o\000n}{section.7.6}% 236
\BOOKMARK [3][-]{subsubsection.7.6.3.1}{\376\377\000u\000s\000a\000r\000t\000\137\000s\000t\000r}{subsection.7.6.3}% 237
\BOOKMARK [1][-]{section.7.7}{\376\377\000m\000a\000i\000n\000.\000h\000\040\000F\000i\000l\000e\000\040\000R\000e\000f\000e\000r\000e\000n\000c\000e}{chapter.7}% 238
\BOOKMARK [1][-]{section.7.8}{\376\377\000m\000e\000s\000s\000a\000g\000e\000s\000.\000c\000\040\000F\000i\000l\000e\000\040\000R\000e\000f\000e\000r\000e\000n\000c\000e}{chapter.7}% 239
\BOOKMARK [1][-]{section.7.9}{\376\377\000m\000e\000s\000s\000a\000g\000e\000s\000.\000h\000\040\000F\000i\000l\000e\000\040\000R\000e\000f\000e\000r\000e\000n\000c\000e}{chapter.7}% 240
\BOOKMARK [1][-]{section.7.10}{\376\377\000u\000s\000a\000r\000t\000.\000c\000\040\000F\000i\000l\000e\000\040\000R\000e\000f\000e\000r\000e\000n\000c\000e}{chapter.7}% 241
\BOOKMARK [2][-]{subsection.7.10.1}{\376\377\000M\000a\000c\000r\000o\000\040\000D\000e\000f\000i\000n\000i\000t\000i\000o\000n\000\040\000D\000o\000c\000u\000m\000e\000n\000t\000a\000t\000i\000o\000n}{section.7.10}% 242
\BOOKMARK [3][-]{subsubsection.7.10.1.1}{\376\377\000B\0001\000S\000I\000Z\000E}{subsection.7.10.1}% 243
\BOOKMARK [3][-]{subsubsection.7.10.1.2}{\376\377\000B\000S\000I\000Z\000E}{subsection.7.10.1}% 244
\BOOKMARK [2][-]{subsection.7.10.2}{\376\377\000T\000y\000p\000e\000d\000e\000f\000\040\000D\000o\000c\000u\000m\000e\000n\000t\000a\000t\000i\000o\000n}{section.7.10}% 245
\BOOKMARK [3][-]{subsubsection.7.10.2.1}{\376\377\000r\000i\000n\000g\000\137\000b\000u\000f\000f\000e\000r\000\137\000t}{subsection.7.10.2}% 246
\BOOKMARK [2][-]{subsection.7.10.3}{\376\377\000F\000u\000n\000c\000t\000i\000o\000n\000\040\000D\000o\000c\000u\000m\000e\000n\000t\000a\000t\000i\000o\000n}{section.7.10}% 247
\BOOKMARK [3][-]{subsubsection.7.10.3.1}{\376\377\000I\000S\000R}{subsection.7.10.3}% 248
\BOOKMARK [3][-]{subsubsection.7.10.3.2}{\376\377\000I\000S\000R}{subsection.7.10.3}% 249
\BOOKMARK [2][-]{subsection.7.10.4}{\376\377\000V\000a\000r\000i\000a\000b\000l\000e\000\040\000D\000o\000c\000u\000m\000e\000n\000t\000a\000t\000i\000o\000n}{section.7.10}% 250
\BOOKMARK [3][-]{subsubsection.7.10.4.1}{\376\377\000b\000r\000x}{subsection.7.10.4}% 251
\BOOKMARK [3][-]{subsubsection.7.10.4.2}{\376\377\000b\000t\000x}{subsection.7.10.4}% 252
\BOOKMARK [3][-]{subsubsection.7.10.4.3}{\376\377\000u\000s\000a\000r\000t\000\137\000r\000x}{subsection.7.10.4}% 253
\BOOKMARK [3][-]{subsubsection.7.10.4.4}{\376\377\000u\000s\000a\000r\000t\000\137\000t\000x}{subsection.7.10.4}% 254
\BOOKMARK [1][-]{section.7.11}{\376\377\000u\000s\000a\000r\000t\000.\000h\000\040\000F\000i\000l\000e\000\040\000R\000e\000f\000e\000r\000e\000n\000c\000e}{chapter.7}% 255
\BOOKMARK [1][-]{section.7.12}{\376\377\000u\000s\000a\000r\000t\000m\0008\000.\000h\000\040\000F\000i\000l\000e\000\040\000R\000e\000f\000e\000r\000e\000n\000c\000e}{chapter.7}% 256
\BOOKMARK [2][-]{subsection.7.12.1}{\376\377\000M\000a\000c\000r\000o\000\040\000D\000e\000f\000i\000n\000i\000t\000i\000o\000n\000\040\000D\000o\000c\000u\000m\000e\000n\000t\000a\000t\000i\000o\000n}{section.7.12}% 257
\BOOKMARK [3][-]{subsubsection.7.12.1.1}{\376\377\000D\000O\000R\0000}{subsection.7.12.1}% 258
\BOOKMARK [3][-]{subsubsection.7.12.1.2}{\376\377\000F\000E\0000}{subsection.7.12.1}% 259
\BOOKMARK [3][-]{subsubsection.7.12.1.3}{\376\377\000M\000P\000C\000M\0000}{subsection.7.12.1}% 260
\BOOKMARK [3][-]{subsubsection.7.12.1.4}{\376\377\000R\000X\000B\0008\0000}{subsection.7.12.1}% 261
\BOOKMARK [3][-]{subsubsection.7.12.1.5}{\376\377\000R\000X\000C\0000}{subsection.7.12.1}% 262
\BOOKMARK [3][-]{subsubsection.7.12.1.6}{\376\377\000R\000X\000C\000I\000E\0000}{subsection.7.12.1}% 263
\BOOKMARK [3][-]{subsubsection.7.12.1.7}{\376\377\000R\000X\000E\000N\0000}{subsection.7.12.1}% 264
\BOOKMARK [3][-]{subsubsection.7.12.1.8}{\376\377\000T\000X\000B\0008\0000}{subsection.7.12.1}% 265
\BOOKMARK [3][-]{subsubsection.7.12.1.9}{\376\377\000T\000X\000C\0000}{subsection.7.12.1}% 266
\BOOKMARK [3][-]{subsubsection.7.12.1.10}{\376\377\000T\000X\000C\000I\000E\0000}{subsection.7.12.1}% 267
\BOOKMARK [3][-]{subsubsection.7.12.1.11}{\376\377\000T\000X\000E\000N\0000}{subsection.7.12.1}% 268
\BOOKMARK [3][-]{subsubsection.7.12.1.12}{\376\377\000U\0002\000X\0000}{subsection.7.12.1}% 269
\BOOKMARK [3][-]{subsubsection.7.12.1.13}{\376\377\000U\000B\000R\000R\0000\000H}{subsection.7.12.1}% 270
\BOOKMARK [3][-]{subsubsection.7.12.1.14}{\376\377\000U\000B\000R\000R\0000\000L}{subsection.7.12.1}% 271
\BOOKMARK [3][-]{subsubsection.7.12.1.15}{\376\377\000U\000B\000R\000R\0000\000L}{subsection.7.12.1}% 272
\BOOKMARK [3][-]{subsubsection.7.12.1.16}{\376\377\000U\000C\000P\000O\000L\0000}{subsection.7.12.1}% 273
\BOOKMARK [3][-]{subsubsection.7.12.1.17}{\376\377\000U\000C\000S\000R\0000\000A}{subsection.7.12.1}% 274
\BOOKMARK [3][-]{subsubsection.7.12.1.18}{\376\377\000U\000C\000S\000R\0000\000B}{subsection.7.12.1}% 275
\BOOKMARK [3][-]{subsubsection.7.12.1.19}{\376\377\000U\000C\000S\000R\0000\000C}{subsection.7.12.1}% 276
\BOOKMARK [3][-]{subsubsection.7.12.1.20}{\376\377\000U\000C\000S\000Z\0000\0000}{subsection.7.12.1}% 277
\BOOKMARK [3][-]{subsubsection.7.12.1.21}{\376\377\000U\000C\000S\000Z\0000\0001}{subsection.7.12.1}% 278
\BOOKMARK [3][-]{subsubsection.7.12.1.22}{\376\377\000U\000C\000S\000Z\0000\0002}{subsection.7.12.1}% 279
\BOOKMARK [3][-]{subsubsection.7.12.1.23}{\376\377\000U\000D\000R\0000}{subsection.7.12.1}% 280
\BOOKMARK [3][-]{subsubsection.7.12.1.24}{\376\377\000U\000D\000R\000E\0000}{subsection.7.12.1}% 281
\BOOKMARK [3][-]{subsubsection.7.12.1.25}{\376\377\000U\000D\000R\000I\000E\0000}{subsection.7.12.1}% 282
\BOOKMARK [3][-]{subsubsection.7.12.1.26}{\376\377\000U\000M\000S\000E\000L\0000}{subsection.7.12.1}% 283
\BOOKMARK [3][-]{subsubsection.7.12.1.27}{\376\377\000U\000P\000E\0000}{subsection.7.12.1}% 284
\BOOKMARK [3][-]{subsubsection.7.12.1.28}{\376\377\000U\000P\000M\0000\0000}{subsection.7.12.1}% 285
\BOOKMARK [3][-]{subsubsection.7.12.1.29}{\376\377\000U\000P\000M\0000\0001}{subsection.7.12.1}% 286
\BOOKMARK [3][-]{subsubsection.7.12.1.30}{\376\377\000U\000R\000S\000E\000L\0000}{subsection.7.12.1}% 287
\BOOKMARK [3][-]{subsubsection.7.12.1.31}{\376\377\000U\000R\000S\000E\000L\0000}{subsection.7.12.1}% 288
\BOOKMARK [3][-]{subsubsection.7.12.1.32}{\376\377\000U\000S\000A\000R\000T\0000\000\137\000R\000X\000C\000\137\000v\000e\000c\000t}{subsection.7.12.1}% 289
\BOOKMARK [3][-]{subsubsection.7.12.1.33}{\376\377\000U\000S\000A\000R\000T\0000\000\137\000T\000X\000C\000\137\000v\000e\000c\000t}{subsection.7.12.1}% 290
\BOOKMARK [3][-]{subsubsection.7.12.1.34}{\376\377\000U\000S\000A\000R\000T\0000\000\137\000U\000D\000R\000E\000\137\000v\000e\000c\000t}{subsection.7.12.1}% 291
\BOOKMARK [3][-]{subsubsection.7.12.1.35}{\376\377\000U\000S\000A\000R\000T\000X\000X\000X\000\137\000H\000\137}{subsection.7.12.1}% 292
\BOOKMARK [3][-]{subsubsection.7.12.1.36}{\376\377\000U\000S\000B\000S\0000}{subsection.7.12.1}% 293
\BOOKMARK [1][-]{section.7.13}{\376\377\000u\000t\000i\000l\000s\000.\000c\000\040\000F\000i\000l\000e\000\040\000R\000e\000f\000e\000r\000e\000n\000c\000e}{chapter.7}% 294
\BOOKMARK [2][-]{subsection.7.13.1}{\376\377\000V\000a\000r\000i\000a\000b\000l\000e\000\040\000D\000o\000c\000u\000m\000e\000n\000t\000a\000t\000i\000o\000n}{section.7.13}% 295
\BOOKMARK [3][-]{subsubsection.7.13.1.1}{\376\377\000b\000u\000f}{subsection.7.13.1}% 296
\BOOKMARK [1][-]{section.7.14}{\376\377\000u\000t\000i\000l\000s\000.\000h\000\040\000F\000i\000l\000e\000\040\000R\000e\000f\000e\000r\000e\000n\000c\000e}{chapter.7}% 297
\BOOKMARK [-1][-]{section*.44}{\376\377\000I\000n\000d\000e\000x}{}% 298
